<?xml version="1.0" encoding="UTF-8"?>
<testng-results ignored="0" total="5" passed="4" failed="1" skipped="0">
  <reporter-output>
  </reporter-output>
  <suite started-at="2022-06-11T00:54:37 PDT" name="Default suite" finished-at="2022-06-11T00:55:01 PDT" duration-ms="23912">
    <groups>
    </groups>
    <test started-at="2022-06-11T00:54:37 PDT" name="Default test" finished-at="2022-06-11T00:55:01 PDT" duration-ms="23912">
      <class name="com.salesforce.automationscript.SDFCLogin">
        <test-method is-config="true" signature="initialSetUp()[pri:0, instance:com.salesforce.automationscript.SDFCLogin@1184ab05]" started-at="2022-06-11T00:54:37 PDT" name="initialSetUp" finished-at="2022-06-11T00:54:37 PDT" duration-ms="103" status="PASS">
          <reporter-output>
          </reporter-output>
        </test-method> <!-- initialSetUp -->
        <test-method is-config="true" signature="setup(java.lang.reflect.Method)[pri:0, instance:com.salesforce.automationscript.SDFCLogin@1184ab05]" started-at="2022-06-11T00:54:37 PDT" name="setup" finished-at="2022-06-11T00:54:39 PDT" duration-ms="2023" status="PASS">
          <params>
            <param index="0">
              <value>
                <![CDATA[public static void com.salesforce.automationscript.SDFCLogin.CheckRememberMe() throws java.lang.InterruptedException]]>
              </value>
            </param>
          </params>
          <reporter-output>
          </reporter-output>
        </test-method> <!-- setup -->
        <test-method signature="CheckRememberMe()[pri:0, instance:com.salesforce.automationscript.SDFCLogin@1184ab05]" started-at="2022-06-11T00:54:39 PDT" name="CheckRememberMe" finished-at="2022-06-11T00:54:48 PDT" duration-ms="8871" status="PASS">
          <reporter-output>
          </reporter-output>
        </test-method> <!-- CheckRememberMe -->
        <test-method is-config="true" signature="tearDown()[pri:0, instance:com.salesforce.automationscript.SDFCLogin@1184ab05]" started-at="2022-06-11T00:54:48 PDT" name="tearDown" finished-at="2022-06-11T00:54:48 PDT" duration-ms="130" status="PASS">
          <reporter-output>
          </reporter-output>
        </test-method> <!-- tearDown -->
        <test-method is-config="true" signature="setup(java.lang.reflect.Method)[pri:0, instance:com.salesforce.automationscript.SDFCLogin@1184ab05]" started-at="2022-06-11T00:54:48 PDT" name="setup" finished-at="2022-06-11T00:54:50 PDT" duration-ms="1551" status="PASS">
          <params>
            <param index="0">
              <value>
                <![CDATA[public static void com.salesforce.automationscript.SDFCLogin.ForgetPasswordA()]]>
              </value>
            </param>
          </params>
          <reporter-output>
          </reporter-output>
        </test-method> <!-- setup -->
        <test-method signature="ForgetPasswordA()[pri:0, instance:com.salesforce.automationscript.SDFCLogin@1184ab05]" started-at="2022-06-11T00:54:50 PDT" name="ForgetPasswordA" finished-at="2022-06-11T00:54:51 PDT" duration-ms="834" status="PASS">
          <reporter-output>
          </reporter-output>
        </test-method> <!-- ForgetPasswordA -->
        <test-method is-config="true" signature="tearDown()[pri:0, instance:com.salesforce.automationscript.SDFCLogin@1184ab05]" started-at="2022-06-11T00:54:51 PDT" name="tearDown" finished-at="2022-06-11T00:54:51 PDT" duration-ms="119" status="PASS">
          <reporter-output>
          </reporter-output>
        </test-method> <!-- tearDown -->
        <test-method is-config="true" signature="setup(java.lang.reflect.Method)[pri:0, instance:com.salesforce.automationscript.SDFCLogin@1184ab05]" started-at="2022-06-11T00:54:51 PDT" name="setup" finished-at="2022-06-11T00:54:52 PDT" duration-ms="1540" status="PASS">
          <params>
            <param index="0">
              <value>
                <![CDATA[public static void com.salesforce.automationscript.SDFCLogin.ForgetPasswordB()]]>
              </value>
            </param>
          </params>
          <reporter-output>
          </reporter-output>
        </test-method> <!-- setup -->
        <test-method signature="ForgetPasswordB()[pri:0, instance:com.salesforce.automationscript.SDFCLogin@1184ab05]" started-at="2022-06-11T00:54:52 PDT" name="ForgetPasswordB" finished-at="2022-06-11T00:54:53 PDT" duration-ms="551" status="PASS">
          <reporter-output>
          </reporter-output>
        </test-method> <!-- ForgetPasswordB -->
        <test-method is-config="true" signature="tearDown()[pri:0, instance:com.salesforce.automationscript.SDFCLogin@1184ab05]" started-at="2022-06-11T00:54:53 PDT" name="tearDown" finished-at="2022-06-11T00:54:53 PDT" duration-ms="119" status="PASS">
          <reporter-output>
          </reporter-output>
        </test-method> <!-- tearDown -->
        <test-method is-config="true" signature="setup(java.lang.reflect.Method)[pri:0, instance:com.salesforce.automationscript.SDFCLogin@1184ab05]" started-at="2022-06-11T00:54:53 PDT" name="setup" finished-at="2022-06-11T00:54:55 PDT" duration-ms="1542" status="PASS">
          <params>
            <param index="0">
              <value>
                <![CDATA[public static void com.salesforce.automationscript.SDFCLogin.LoginErrorMessage()]]>
              </value>
            </param>
          </params>
          <reporter-output>
          </reporter-output>
        </test-method> <!-- setup -->
        <test-method signature="LoginErrorMessage()[pri:0, instance:com.salesforce.automationscript.SDFCLogin@1184ab05]" started-at="2022-06-11T00:54:55 PDT" name="LoginErrorMessage" finished-at="2022-06-11T00:54:55 PDT" duration-ms="597" status="PASS">
          <reporter-output>
          </reporter-output>
        </test-method> <!-- LoginErrorMessage -->
        <test-method is-config="true" signature="tearDown()[pri:0, instance:com.salesforce.automationscript.SDFCLogin@1184ab05]" started-at="2022-06-11T00:54:55 PDT" name="tearDown" finished-at="2022-06-11T00:54:55 PDT" duration-ms="102" status="PASS">
          <reporter-output>
          </reporter-output>
        </test-method> <!-- tearDown -->
        <test-method is-config="true" signature="setup(java.lang.reflect.Method)[pri:0, instance:com.salesforce.automationscript.SDFCLogin@1184ab05]" started-at="2022-06-11T00:54:55 PDT" name="setup" finished-at="2022-06-11T00:54:57 PDT" duration-ms="1501" status="PASS">
          <params>
            <param index="0">
              <value>
                <![CDATA[public static void com.salesforce.automationscript.SDFCLogin.LoginToSalesForce() throws java.io.IOException]]>
              </value>
            </param>
          </params>
          <reporter-output>
          </reporter-output>
        </test-method> <!-- setup -->
        <test-method signature="LoginToSalesForce()[pri:0, instance:com.salesforce.automationscript.SDFCLogin@1184ab05]" started-at="2022-06-11T00:54:57 PDT" name="LoginToSalesForce" finished-at="2022-06-11T00:55:01 PDT" duration-ms="4040" status="FAIL">
          <exception class="java.lang.AssertionError">
            <message>
              <![CDATA[expected [Welcome to your free trial] but found [Home]]]>
            </message>
            <full-stacktrace>
              <![CDATA[java.lang.AssertionError: expected [Welcome to your free trial] but found [Home]
at org.testng.Assert.fail(Assert.java:97)
at org.testng.Assert.assertEqualsImpl(Assert.java:136)
at org.testng.Assert.assertEquals(Assert.java:118)
at org.testng.Assert.assertEquals(Assert.java:575)
at org.testng.Assert.assertEquals(Assert.java:585)
at com.salesforce.automationscript.SDFCLogin.LoginToSalesForce(SDFCLogin.java:45)
at java.base/jdk.internal.reflect.NativeMethodAccessorImpl.invoke0(Native Method)
at java.base/jdk.internal.reflect.NativeMethodAccessorImpl.invoke(NativeMethodAccessorImpl.java:77)
at java.base/jdk.internal.reflect.DelegatingMethodAccessorImpl.invoke(DelegatingMethodAccessorImpl.java:43)
at java.base/java.lang.reflect.Method.invoke(Method.java:568)
at org.testng.internal.MethodInvocationHelper.invokeMethod(MethodInvocationHelper.java:134)
at org.testng.internal.TestInvoker.invokeMethod(TestInvoker.java:597)
at org.testng.internal.TestInvoker.invokeTestMethod(TestInvoker.java:173)
at org.testng.internal.MethodRunner.runInSequence(MethodRunner.java:46)
at org.testng.internal.TestInvoker$MethodInvocationAgent.invoke(TestInvoker.java:816)
at org.testng.internal.TestInvoker.invokeTestMethods(TestInvoker.java:146)
at org.testng.internal.TestMethodWorker.invokeTestMethods(TestMethodWorker.java:146)
at org.testng.internal.TestMethodWorker.run(TestMethodWorker.java:128)
at java.base/java.util.ArrayList.forEach(ArrayList.java:1511)
at org.testng.TestRunner.privateRun(TestRunner.java:766)
at org.testng.TestRunner.run(TestRunner.java:587)
at org.testng.SuiteRunner.runTest(SuiteRunner.java:384)
at org.testng.SuiteRunner.runSequentially(SuiteRunner.java:378)
at org.testng.SuiteRunner.privateRun(SuiteRunner.java:337)
at org.testng.SuiteRunner.run(SuiteRunner.java:286)
at org.testng.SuiteRunnerWorker.runSuite(SuiteRunnerWorker.java:53)
at org.testng.SuiteRunnerWorker.run(SuiteRunnerWorker.java:96)
at org.testng.TestNG.runSuitesSequentially(TestNG.java:1187)
at org.testng.TestNG.runSuitesLocally(TestNG.java:1109)
at org.testng.TestNG.runSuites(TestNG.java:1039)
at org.testng.TestNG.run(TestNG.java:1007)
at org.testng.remote.AbstractRemoteTestNG.run(AbstractRemoteTestNG.java:115)
at org.testng.remote.RemoteTestNG.initAndRun(RemoteTestNG.java:251)
at org.testng.remote.RemoteTestNG.main(RemoteTestNG.java:77)
]]>
            </full-stacktrace>
          </exception> <!-- java.lang.AssertionError -->
          <reporter-output>
          </reporter-output>
        </test-method> <!-- LoginToSalesForce -->
        <test-method is-config="true" signature="tearDown()[pri:0, instance:com.salesforce.automationscript.SDFCLogin@1184ab05]" started-at="2022-06-11T00:55:01 PDT" name="tearDown" finished-at="2022-06-11T00:55:01 PDT" duration-ms="114" status="PASS">
          <reporter-output>
          </reporter-output>
        </test-method> <!-- tearDown -->
        <test-method is-config="true" signature="finalTearDown()[pri:0, instance:com.salesforce.automationscript.SDFCLogin@1184ab05]" started-at="2022-06-11T00:55:01 PDT" name="finalTearDown" finished-at="2022-06-11T00:55:01 PDT" duration-ms="150" status="PASS">
          <reporter-output>
          </reporter-output>
        </test-method> <!-- finalTearDown -->
      </class> <!-- com.salesforce.automationscript.SDFCLogin -->
    </test> <!-- Default test -->
  </suite> <!-- Default suite -->
</testng-results>
